This file contains any messages produced by compilers while
running configure, to aid debugging if configure makes a mistake.

It was created by ovnis configure 0.1, which was
generated by GNU Autoconf 2.68.  Invocation command line was

  $ ./configure --with-ns3=/home/agata/workspace/ns3 --with-sumo=/home/agata/src/sumo-0.15.0 --with-xerces=/usr/lib --no-create --no-recursion

## --------- ##
## Platform. ##
## --------- ##

hostname = agata-VirtualBox
uname -m = x86_64
uname -r = 3.0.0-17-generic
uname -s = Linux
uname -v = #30-Ubuntu SMP Thu Mar 8 20:45:39 UTC 2012

/usr/bin/uname -p = unknown
/bin/uname -X     = unknown

/bin/arch              = unknown
/usr/bin/arch -k       = unknown
/usr/convex/getsysinfo = unknown
/usr/bin/hostinfo      = unknown
/bin/machine           = unknown
/usr/bin/oslevel       = unknown
/bin/universe          = unknown

PATH: /usr/lib/lightdm/lightdm
PATH: /usr/local/sbin
PATH: /usr/local/bin
PATH: /usr/sbin
PATH: /usr/bin
PATH: /sbin
PATH: /bin
PATH: /usr/games
PATH: /home/agata/.rvm/bin
PATH: /usr/share/ruby-rvm/bin


## ----------- ##
## Core tests. ##
## ----------- ##

configure:2681: checking for g++
configure:2697: found /usr/bin/g++
configure:2708: result: g++
configure:2735: checking for C++ compiler version
configure:2744: g++ --version >&5
g++ (Ubuntu/Linaro 4.4.6-11ubuntu2) 4.4.6
Copyright (C) 2010 Free Software Foundation, Inc.
This is free software; see the source for copying conditions.  There is NO
warranty; not even for MERCHANTABILITY or FITNESS FOR A PARTICULAR PURPOSE.

configure:2755: $? = 0
configure:2744: g++ -v >&5
Using built-in specs.
Target: x86_64-linux-gnu
Configured with: ../src/configure -v --with-pkgversion='Ubuntu/Linaro 4.4.6-11ubuntu2' --with-bugurl=file:///usr/share/doc/gcc-4.4/README.Bugs --enable-languages=c,c++,fortran,objc,obj-c++ --prefix=/usr --program-suffix=-4.4 --enable-shared --enable-linker-build-id --with-system-zlib --libexecdir=/usr/lib --without-included-gettext --enable-threads=posix --with-gxx-include-dir=/usr/include/c++/4.4 --libdir=/usr/lib --enable-nls --with-sysroot=/ --enable-clocale=gnu --enable-libstdcxx-debug --enable-objc-gc --disable-werror --with-arch-32=i686 --with-tune=generic --enable-checking=release --build=x86_64-linux-gnu --host=x86_64-linux-gnu --target=x86_64-linux-gnu
Thread model: posix
gcc version 4.4.6 (Ubuntu/Linaro 4.4.6-11ubuntu2) 
configure:2755: $? = 0
configure:2744: g++ -V >&5
g++: '-V' option must have argument
configure:2755: $? = 1
configure:2744: g++ -qversion >&5
g++: unrecognized option '-qversion'
g++: no input files
configure:2755: $? = 1
configure:2775: checking whether the C++ compiler works
configure:2797: g++    conftest.cpp  >&5
configure:2801: $? = 0
configure:2849: result: yes
configure:2852: checking for C++ compiler default output file name
configure:2854: result: a.out
configure:2860: checking for suffix of executables
configure:2867: g++ -o conftest    conftest.cpp  >&5
configure:2871: $? = 0
configure:2893: result: 
configure:2915: checking whether we are cross compiling
configure:2923: g++ -o conftest    conftest.cpp  >&5
configure:2927: $? = 0
configure:2934: ./conftest
configure:2938: $? = 0
configure:2953: result: no
configure:2958: checking for suffix of object files
configure:2980: g++ -c   conftest.cpp >&5
configure:2984: $? = 0
configure:3005: result: o
configure:3009: checking whether we are using the GNU C++ compiler
configure:3028: g++ -c   conftest.cpp >&5
configure:3028: $? = 0
configure:3037: result: yes
configure:3046: checking whether g++ accepts -g
configure:3066: g++ -c -g  conftest.cpp >&5
configure:3066: $? = 0
configure:3107: result: yes
configure:3135: checking how to run the C++ preprocessor
configure:3162: g++ -E  conftest.cpp
configure:3162: $? = 0
configure:3176: g++ -E  conftest.cpp
conftest.cpp:9: fatal error: ac_nonexistent.h: No such file or directory
compilation terminated.
configure:3176: $? = 1
configure: failed program was:
| /* confdefs.h */
| #define PACKAGE_NAME "ovnis"
| #define PACKAGE_TARNAME "ovnis"
| #define PACKAGE_VERSION "0.1"
| #define PACKAGE_STRING "ovnis 0.1"
| #define PACKAGE_BUGREPORT "yoann@pigne.org"
| #define PACKAGE_URL ""
| /* end confdefs.h.  */
| #include <ac_nonexistent.h>
configure:3201: result: g++ -E
configure:3221: g++ -E  conftest.cpp
configure:3221: $? = 0
configure:3235: g++ -E  conftest.cpp
conftest.cpp:9: fatal error: ac_nonexistent.h: No such file or directory
compilation terminated.
configure:3235: $? = 1
configure: failed program was:
| /* confdefs.h */
| #define PACKAGE_NAME "ovnis"
| #define PACKAGE_TARNAME "ovnis"
| #define PACKAGE_VERSION "0.1"
| #define PACKAGE_STRING "ovnis 0.1"
| #define PACKAGE_BUGREPORT "yoann@pigne.org"
| #define PACKAGE_URL ""
| /* end confdefs.h.  */
| #include <ac_nonexistent.h>
configure:3375: checking for C++ compiler version
configure:3384: g++ --version >&5
g++ (Ubuntu/Linaro 4.4.6-11ubuntu2) 4.4.6
Copyright (C) 2010 Free Software Foundation, Inc.
This is free software; see the source for copying conditions.  There is NO
warranty; not even for MERCHANTABILITY or FITNESS FOR A PARTICULAR PURPOSE.

configure:3395: $? = 0
configure:3384: g++ -v >&5
Using built-in specs.
Target: x86_64-linux-gnu
Configured with: ../src/configure -v --with-pkgversion='Ubuntu/Linaro 4.4.6-11ubuntu2' --with-bugurl=file:///usr/share/doc/gcc-4.4/README.Bugs --enable-languages=c,c++,fortran,objc,obj-c++ --prefix=/usr --program-suffix=-4.4 --enable-shared --enable-linker-build-id --with-system-zlib --libexecdir=/usr/lib --without-included-gettext --enable-threads=posix --with-gxx-include-dir=/usr/include/c++/4.4 --libdir=/usr/lib --enable-nls --with-sysroot=/ --enable-clocale=gnu --enable-libstdcxx-debug --enable-objc-gc --disable-werror --with-arch-32=i686 --with-tune=generic --enable-checking=release --build=x86_64-linux-gnu --host=x86_64-linux-gnu --target=x86_64-linux-gnu
Thread model: posix
gcc version 4.4.6 (Ubuntu/Linaro 4.4.6-11ubuntu2) 
configure:3395: $? = 0
configure:3384: g++ -V >&5
g++: '-V' option must have argument
configure:3395: $? = 1
configure:3384: g++ -qversion >&5
g++: unrecognized option '-qversion'
g++: no input files
configure:3395: $? = 1
configure:3399: checking whether we are using the GNU C++ compiler
configure:3427: result: yes
configure:3436: checking whether g++ accepts -g
configure:3497: result: yes
configure:3568: checking for gcc
configure:3584: found /usr/bin/gcc
configure:3595: result: gcc
configure:3824: checking for C compiler version
configure:3833: gcc --version >&5
gcc (Ubuntu/Linaro 4.4.6-11ubuntu2) 4.4.6
Copyright (C) 2010 Free Software Foundation, Inc.
This is free software; see the source for copying conditions.  There is NO
warranty; not even for MERCHANTABILITY or FITNESS FOR A PARTICULAR PURPOSE.

configure:3844: $? = 0
configure:3833: gcc -v >&5
Using built-in specs.
Target: x86_64-linux-gnu
Configured with: ../src/configure -v --with-pkgversion='Ubuntu/Linaro 4.4.6-11ubuntu2' --with-bugurl=file:///usr/share/doc/gcc-4.4/README.Bugs --enable-languages=c,c++,fortran,objc,obj-c++ --prefix=/usr --program-suffix=-4.4 --enable-shared --enable-linker-build-id --with-system-zlib --libexecdir=/usr/lib --without-included-gettext --enable-threads=posix --with-gxx-include-dir=/usr/include/c++/4.4 --libdir=/usr/lib --enable-nls --with-sysroot=/ --enable-clocale=gnu --enable-libstdcxx-debug --enable-objc-gc --disable-werror --with-arch-32=i686 --with-tune=generic --enable-checking=release --build=x86_64-linux-gnu --host=x86_64-linux-gnu --target=x86_64-linux-gnu
Thread model: posix
gcc version 4.4.6 (Ubuntu/Linaro 4.4.6-11ubuntu2) 
configure:3844: $? = 0
configure:3833: gcc -V >&5
gcc: '-V' option must have argument
configure:3844: $? = 1
configure:3833: gcc -qversion >&5
gcc: unrecognized option '-qversion'
gcc: no input files
configure:3844: $? = 1
configure:3848: checking whether we are using the GNU C compiler
configure:3867: gcc -c   conftest.c >&5
configure:3867: $? = 0
configure:3876: result: yes
configure:3885: checking whether gcc accepts -g
configure:3905: gcc -c -g  conftest.c >&5
configure:3905: $? = 0
configure:3946: result: yes
configure:3963: checking for gcc option to accept ISO C89
configure:4027: gcc  -c -g -O2  conftest.c >&5
configure:4027: $? = 0
configure:4040: result: none needed
configure:4065: checking how to run the C preprocessor
configure:4096: gcc -E  conftest.c
configure:4096: $? = 0
configure:4110: gcc -E  conftest.c
conftest.c:9: fatal error: ac_nonexistent.h: No such file or directory
compilation terminated.
configure:4110: $? = 1
configure: failed program was:
| /* confdefs.h */
| #define PACKAGE_NAME "ovnis"
| #define PACKAGE_TARNAME "ovnis"
| #define PACKAGE_VERSION "0.1"
| #define PACKAGE_STRING "ovnis 0.1"
| #define PACKAGE_BUGREPORT "yoann@pigne.org"
| #define PACKAGE_URL ""
| /* end confdefs.h.  */
| #include <ac_nonexistent.h>
configure:4135: result: gcc -E
configure:4155: gcc -E  conftest.c
configure:4155: $? = 0
configure:4169: gcc -E  conftest.c
conftest.c:9: fatal error: ac_nonexistent.h: No such file or directory
compilation terminated.
configure:4169: $? = 1
configure: failed program was:
| /* confdefs.h */
| #define PACKAGE_NAME "ovnis"
| #define PACKAGE_TARNAME "ovnis"
| #define PACKAGE_VERSION "0.1"
| #define PACKAGE_STRING "ovnis 0.1"
| #define PACKAGE_BUGREPORT "yoann@pigne.org"
| #define PACKAGE_URL ""
| /* end confdefs.h.  */
| #include <ac_nonexistent.h>
configure:4242: checking for a BSD-compatible install
configure:4310: result: /usr/bin/install -c
configure:4321: checking whether ln -s works
configure:4325: result: yes
configure:4332: checking whether make sets $(MAKE)
configure:4354: result: yes
configure:4393: checking build system type
configure:4407: result: x86_64-unknown-linux-gnu
configure:4427: checking host system type
configure:4440: result: x86_64-unknown-linux-gnu
configure:4481: checking how to print strings
configure:4508: result: printf
configure:4529: checking for a sed that does not truncate output
configure:4593: result: /bin/sed
configure:4611: checking for grep that handles long lines and -e
configure:4669: result: /bin/grep
configure:4674: checking for egrep
configure:4736: result: /bin/grep -E
configure:4741: checking for fgrep
configure:4803: result: /bin/grep -F
configure:4838: checking for ld used by gcc
configure:4905: result: /usr/bin/ld
configure:4912: checking if the linker (/usr/bin/ld) is GNU ld
configure:4927: result: yes
configure:4939: checking for BSD- or MS-compatible name lister (nm)
configure:4988: result: /usr/bin/nm -B
configure:5118: checking the name lister (/usr/bin/nm -B) interface
configure:5125: gcc -c -g -O2  conftest.c >&5
configure:5128: /usr/bin/nm -B "conftest.o"
configure:5131: output
0000000000000000 B some_variable
configure:5138: result: BSD nm
configure:5142: checking the maximum length of command line arguments
configure:5267: result: 3458764513820540925
configure:5284: checking whether the shell understands some XSI constructs
configure:5294: result: yes
configure:5298: checking whether the shell understands "+="
configure:5304: result: yes
configure:5339: checking how to convert x86_64-unknown-linux-gnu file names to x86_64-unknown-linux-gnu format
configure:5379: result: func_convert_file_noop
configure:5386: checking how to convert x86_64-unknown-linux-gnu file names to toolchain format
configure:5406: result: func_convert_file_noop
configure:5413: checking for /usr/bin/ld option to reload object files
configure:5420: result: -r
configure:5494: checking for objdump
configure:5510: found /usr/bin/objdump
configure:5521: result: objdump
configure:5553: checking how to recognize dependent libraries
configure:5755: result: pass_all
configure:5840: checking for dlltool
configure:5870: result: no
configure:5900: checking how to associate runtime and link libraries
configure:5927: result: printf %s\n
configure:5988: checking for ar
configure:6004: found /usr/bin/ar
configure:6015: result: ar
configure:6052: checking for archiver @FILE support
configure:6069: gcc -c -g -O2  conftest.c >&5
configure:6069: $? = 0
configure:6072: ar cru libconftest.a @conftest.lst >&5
configure:6075: $? = 0
configure:6080: ar cru libconftest.a @conftest.lst >&5
ar: conftest.o: No such file or directory
configure:6083: $? = 1
configure:6095: result: @
configure:6153: checking for strip
configure:6169: found /usr/bin/strip
configure:6180: result: strip
configure:6252: checking for ranlib
configure:6268: found /usr/bin/ranlib
configure:6279: result: ranlib
configure:6356: checking for gawk
configure:6386: result: no
configure:6356: checking for mawk
configure:6372: found /usr/bin/mawk
configure:6383: result: mawk
configure:6423: checking command to parse /usr/bin/nm -B output from gcc object
configure:6542: gcc -c -g -O2  conftest.c >&5
configure:6545: $? = 0
configure:6549: /usr/bin/nm -B conftest.o \| sed -n -e 's/^.*[ ]\([ABCDGIRSTW][ABCDGIRSTW]*\)[ ][ ]*\([_A-Za-z][_A-Za-z0-9]*\)$/\1 \2 \2/p' | sed '/ __gnu_lto/d' \> conftest.nm
configure:6552: $? = 0
configure:6618: gcc -o conftest -g -O2   conftest.c conftstm.o >&5
configure:6621: $? = 0
configure:6659: result: ok
configure:6696: checking for sysroot
configure:6726: result: no
configure:6803: gcc -c -g -O2  conftest.c >&5
configure:6806: $? = 0
configure:6969: checking for mt
configure:6985: found /bin/mt
configure:6996: result: mt
configure:7019: checking if mt is a manifest tool
configure:7025: mt '-?'
configure:7033: result: no
configure:7661: checking for ANSI C header files
configure:7681: gcc -c -g -O2  conftest.c >&5
configure:7681: $? = 0
configure:7754: gcc -o conftest -g -O2   conftest.c  >&5
configure:7754: $? = 0
configure:7754: ./conftest
configure:7754: $? = 0
configure:7765: result: yes
configure:7778: checking for sys/types.h
configure:7778: gcc -c -g -O2  conftest.c >&5
configure:7778: $? = 0
configure:7778: result: yes
configure:7778: checking for sys/stat.h
configure:7778: gcc -c -g -O2  conftest.c >&5
configure:7778: $? = 0
configure:7778: result: yes
configure:7778: checking for stdlib.h
configure:7778: gcc -c -g -O2  conftest.c >&5
configure:7778: $? = 0
configure:7778: result: yes
configure:7778: checking for string.h
configure:7778: gcc -c -g -O2  conftest.c >&5
configure:7778: $? = 0
configure:7778: result: yes
configure:7778: checking for memory.h
configure:7778: gcc -c -g -O2  conftest.c >&5
configure:7778: $? = 0
configure:7778: result: yes
configure:7778: checking for strings.h
configure:7778: gcc -c -g -O2  conftest.c >&5
configure:7778: $? = 0
configure:7778: result: yes
configure:7778: checking for inttypes.h
configure:7778: gcc -c -g -O2  conftest.c >&5
configure:7778: $? = 0
configure:7778: result: yes
configure:7778: checking for stdint.h
configure:7778: gcc -c -g -O2  conftest.c >&5
configure:7778: $? = 0
configure:7778: result: yes
configure:7778: checking for unistd.h
configure:7778: gcc -c -g -O2  conftest.c >&5
configure:7778: $? = 0
configure:7778: result: yes
configure:7792: checking for dlfcn.h
configure:7792: gcc -c -g -O2  conftest.c >&5
configure:7792: $? = 0
configure:7792: result: yes
configure:7990: checking for objdir
configure:8005: result: .libs
configure:8276: checking if gcc supports -fno-rtti -fno-exceptions
configure:8294: gcc -c -g -O2  -fno-rtti -fno-exceptions conftest.c >&5
cc1: warning: command line option "-fno-rtti" is valid for C++/ObjC++ but not for C
configure:8298: $? = 0
configure:8311: result: no
configure:8621: checking for gcc option to produce PIC
configure:8628: result: -fPIC -DPIC
configure:8636: checking if gcc PIC flag -fPIC -DPIC works
configure:8654: gcc -c -g -O2  -fPIC -DPIC -DPIC conftest.c >&5
configure:8658: $? = 0
configure:8671: result: yes
configure:8700: checking if gcc static flag -static works
configure:8728: result: yes
configure:8743: checking if gcc supports -c -o file.o
configure:8764: gcc -c -g -O2  -o out/conftest2.o conftest.c >&5
configure:8768: $? = 0
configure:8790: result: yes
configure:8798: checking if gcc supports -c -o file.o
configure:8845: result: yes
configure:8878: checking whether the gcc linker (/usr/bin/ld -m elf_x86_64) supports shared libraries
configure:10040: result: yes
configure:10077: checking whether -lc should be explicitly linked in
configure:10085: gcc -c -g -O2  conftest.c >&5
configure:10088: $? = 0
configure:10103: gcc -shared  -fPIC -DPIC conftest.o  -v -Wl,-soname -Wl,conftest -o conftest 2\>\&1 \| /bin/grep  -lc  \>/dev/null 2\>\&1
configure:10106: $? = 0
configure:10120: result: no
configure:10285: checking dynamic linker characteristics
configure:10800: gcc -o conftest -g -O2   -Wl,-rpath -Wl,/foo conftest.c  >&5
configure:10800: $? = 0
configure:11034: result: GNU/Linux ld.so
configure:11141: checking how to hardcode library paths into programs
configure:11166: result: immediate
configure:11706: checking whether stripping libraries is possible
configure:11711: result: yes
configure:11746: checking if libtool supports shared libraries
configure:11748: result: yes
configure:11751: checking whether to build shared libraries
configure:11772: result: yes
configure:11775: checking whether to build static libraries
configure:11779: result: yes
configure:11802: checking how to run the C++ preprocessor
configure:11868: result: g++ -E
configure:11888: g++ -E  conftest.cpp
configure:11888: $? = 0
configure:11902: g++ -E  conftest.cpp
conftest.cpp:21: fatal error: ac_nonexistent.h: No such file or directory
compilation terminated.
configure:11902: $? = 1
configure: failed program was:
| /* confdefs.h */
| #define PACKAGE_NAME "ovnis"
| #define PACKAGE_TARNAME "ovnis"
| #define PACKAGE_VERSION "0.1"
| #define PACKAGE_STRING "ovnis 0.1"
| #define PACKAGE_BUGREPORT "yoann@pigne.org"
| #define PACKAGE_URL ""
| #define STDC_HEADERS 1
| #define HAVE_SYS_TYPES_H 1
| #define HAVE_SYS_STAT_H 1
| #define HAVE_STDLIB_H 1
| #define HAVE_STRING_H 1
| #define HAVE_MEMORY_H 1
| #define HAVE_STRINGS_H 1
| #define HAVE_INTTYPES_H 1
| #define HAVE_STDINT_H 1
| #define HAVE_UNISTD_H 1
| #define HAVE_DLFCN_H 1
| #define LT_OBJDIR ".libs/"
| /* end confdefs.h.  */
| #include <ac_nonexistent.h>
configure:12072: checking for ld used by g++
configure:12139: result: /usr/bin/ld -m elf_x86_64
configure:12146: checking if the linker (/usr/bin/ld -m elf_x86_64) is GNU ld
configure:12161: result: yes
configure:12216: checking whether the g++ linker (/usr/bin/ld -m elf_x86_64) supports shared libraries
configure:13220: result: yes
configure:13255: g++ -c -g -O2  conftest.cpp >&5
configure:13258: $? = 0
configure:13778: checking for g++ option to produce PIC
configure:13785: result: -fPIC -DPIC
configure:13793: checking if g++ PIC flag -fPIC -DPIC works
configure:13811: g++ -c -g -O2  -fPIC -DPIC -DPIC conftest.cpp >&5
configure:13815: $? = 0
configure:13828: result: yes
configure:13851: checking if g++ static flag -static works
configure:13879: result: yes
configure:13891: checking if g++ supports -c -o file.o
configure:13912: g++ -c -g -O2  -o out/conftest2.o conftest.cpp >&5
configure:13916: $? = 0
configure:13938: result: yes
configure:13943: checking if g++ supports -c -o file.o
configure:13990: result: yes
configure:14020: checking whether the g++ linker (/usr/bin/ld -m elf_x86_64) supports shared libraries
configure:14057: result: yes
configure:14200: checking dynamic linker characteristics
configure:14883: result: GNU/Linux ld.so
configure:14936: checking how to hardcode library paths into programs
configure:14961: result: immediate
configure:15029: checking whether build environment is sane
configure:15079: result: yes
configure:15220: checking for a thread-safe mkdir -p
configure:15259: result: /bin/mkdir -p
configure:15289: checking for style of include used by make
configure:15317: result: GNU
configure:15402: checking dependency style of gcc
configure:15512: result: gcc3
configure:15529: checking dependency style of g++
configure:15639: result: gcc3
configure:15669: checking for ANSI C header files
configure:15773: result: yes
configure:15783: checking string usability
configure:15783: g++ -c -g -O2  conftest.cpp >&5
configure:15783: $? = 0
configure:15783: result: yes
configure:15783: checking string presence
configure:15783: g++ -E  conftest.cpp
configure:15783: $? = 0
configure:15783: result: yes
configure:15783: checking for string
configure:15783: result: yes
configure:15795: checking iostream usability
configure:15795: g++ -c -g -O2  conftest.cpp >&5
configure:15795: $? = 0
configure:15795: result: yes
configure:15795: checking iostream presence
configure:15795: g++ -E  conftest.cpp
configure:15795: $? = 0
configure:15795: result: yes
configure:15795: checking for iostream
configure:15795: result: yes
configure:15808: checking for size_t
configure:15808: g++ -c -g -O2  conftest.cpp >&5
configure:15808: $? = 0
configure:15808: g++ -c -g -O2  conftest.cpp >&5
conftest.cpp: In function 'int main()':
conftest.cpp:62: error: expected primary-expression before ')' token
configure:15808: $? = 1
configure: failed program was:
| /* confdefs.h */
| #define PACKAGE_NAME "ovnis"
| #define PACKAGE_TARNAME "ovnis"
| #define PACKAGE_VERSION "0.1"
| #define PACKAGE_STRING "ovnis 0.1"
| #define PACKAGE_BUGREPORT "yoann@pigne.org"
| #define PACKAGE_URL ""
| #define STDC_HEADERS 1
| #define HAVE_SYS_TYPES_H 1
| #define HAVE_SYS_STAT_H 1
| #define HAVE_STDLIB_H 1
| #define HAVE_STRING_H 1
| #define HAVE_MEMORY_H 1
| #define HAVE_STRINGS_H 1
| #define HAVE_INTTYPES_H 1
| #define HAVE_STDINT_H 1
| #define HAVE_UNISTD_H 1
| #define HAVE_DLFCN_H 1
| #define LT_OBJDIR ".libs/"
| #define PACKAGE "ovnis"
| #define VERSION "0.1"
| #define STDC_HEADERS 1
| #define HAVE_STRING 1
| #define HAVE_IOSTREAM 1
| /* end confdefs.h.  */
| #include <stdio.h>
| #ifdef HAVE_SYS_TYPES_H
| # include <sys/types.h>
| #endif
| #ifdef HAVE_SYS_STAT_H
| # include <sys/stat.h>
| #endif
| #ifdef STDC_HEADERS
| # include <stdlib.h>
| # include <stddef.h>
| #else
| # ifdef HAVE_STDLIB_H
| #  include <stdlib.h>
| # endif
| #endif
| #ifdef HAVE_STRING_H
| # if !defined STDC_HEADERS && defined HAVE_MEMORY_H
| #  include <memory.h>
| # endif
| # include <string.h>
| #endif
| #ifdef HAVE_STRINGS_H
| # include <strings.h>
| #endif
| #ifdef HAVE_INTTYPES_H
| # include <inttypes.h>
| #endif
| #ifdef HAVE_STDINT_H
| # include <stdint.h>
| #endif
| #ifdef HAVE_UNISTD_H
| # include <unistd.h>
| #endif
| int
| main ()
| {
| if (sizeof ((size_t)))
| 	    return 0;
|   ;
|   return 0;
| }
configure:15808: result: yes
configure:15831: checking for pow
configure:15831: g++ -o conftest -g -O2   conftest.cpp  >&5
configure:15831: $? = 0
configure:15831: result: yes
configure:15842: checking for socket
configure:15842: g++ -o conftest -g -O2   conftest.cpp  >&5
configure:15842: $? = 0
configure:15842: result: yes
configure:15853: checking for sqrt
configure:15853: g++ -o conftest -g -O2   conftest.cpp  >&5
configure:15853: $? = 0
configure:15853: result: yes
configure:15864: checking limits.h usability
configure:15864: g++ -c -g -O2  conftest.cpp >&5
configure:15864: $? = 0
configure:15864: result: yes
configure:15864: checking limits.h presence
configure:15864: g++ -E  conftest.cpp
configure:15864: $? = 0
configure:15864: result: yes
configure:15864: checking for limits.h
configure:15864: result: yes
configure:15874: checking for an ANSI C-conforming const
configure:15939: g++ -c -g -O2  conftest.cpp >&5
configure:15939: $? = 0
configure:15946: result: yes
configure:15954: checking for pid_t
configure:15954: g++ -c -g -O2  conftest.cpp >&5
configure:15954: $? = 0
configure:15954: g++ -c -g -O2  conftest.cpp >&5
conftest.cpp: In function 'int main()':
conftest.cpp:66: error: expected primary-expression before ')' token
configure:15954: $? = 1
configure: failed program was:
| /* confdefs.h */
| #define PACKAGE_NAME "ovnis"
| #define PACKAGE_TARNAME "ovnis"
| #define PACKAGE_VERSION "0.1"
| #define PACKAGE_STRING "ovnis 0.1"
| #define PACKAGE_BUGREPORT "yoann@pigne.org"
| #define PACKAGE_URL ""
| #define STDC_HEADERS 1
| #define HAVE_SYS_TYPES_H 1
| #define HAVE_SYS_STAT_H 1
| #define HAVE_STDLIB_H 1
| #define HAVE_STRING_H 1
| #define HAVE_MEMORY_H 1
| #define HAVE_STRINGS_H 1
| #define HAVE_INTTYPES_H 1
| #define HAVE_STDINT_H 1
| #define HAVE_UNISTD_H 1
| #define HAVE_DLFCN_H 1
| #define LT_OBJDIR ".libs/"
| #define PACKAGE "ovnis"
| #define VERSION "0.1"
| #define STDC_HEADERS 1
| #define HAVE_STRING 1
| #define HAVE_IOSTREAM 1
| #define HAVE_POW 1
| #define HAVE_SOCKET 1
| #define HAVE_SQRT 1
| #define HAVE_LIMITS_H 1
| /* end confdefs.h.  */
| #include <stdio.h>
| #ifdef HAVE_SYS_TYPES_H
| # include <sys/types.h>
| #endif
| #ifdef HAVE_SYS_STAT_H
| # include <sys/stat.h>
| #endif
| #ifdef STDC_HEADERS
| # include <stdlib.h>
| # include <stddef.h>
| #else
| # ifdef HAVE_STDLIB_H
| #  include <stdlib.h>
| # endif
| #endif
| #ifdef HAVE_STRING_H
| # if !defined STDC_HEADERS && defined HAVE_MEMORY_H
| #  include <memory.h>
| # endif
| # include <string.h>
| #endif
| #ifdef HAVE_STRINGS_H
| # include <strings.h>
| #endif
| #ifdef HAVE_INTTYPES_H
| # include <inttypes.h>
| #endif
| #ifdef HAVE_STDINT_H
| # include <stdint.h>
| #endif
| #ifdef HAVE_UNISTD_H
| # include <unistd.h>
| #endif
| int
| main ()
| {
| if (sizeof ((pid_t)))
| 	    return 0;
|   ;
|   return 0;
| }
configure:15954: result: yes
configure:15967: checking vfork.h usability
configure:15967: g++ -c -g -O2  conftest.cpp >&5
conftest.cpp:63: fatal error: vfork.h: No such file or directory
compilation terminated.
configure:15967: $? = 1
configure: failed program was:
| /* confdefs.h */
| #define PACKAGE_NAME "ovnis"
| #define PACKAGE_TARNAME "ovnis"
| #define PACKAGE_VERSION "0.1"
| #define PACKAGE_STRING "ovnis 0.1"
| #define PACKAGE_BUGREPORT "yoann@pigne.org"
| #define PACKAGE_URL ""
| #define STDC_HEADERS 1
| #define HAVE_SYS_TYPES_H 1
| #define HAVE_SYS_STAT_H 1
| #define HAVE_STDLIB_H 1
| #define HAVE_STRING_H 1
| #define HAVE_MEMORY_H 1
| #define HAVE_STRINGS_H 1
| #define HAVE_INTTYPES_H 1
| #define HAVE_STDINT_H 1
| #define HAVE_UNISTD_H 1
| #define HAVE_DLFCN_H 1
| #define LT_OBJDIR ".libs/"
| #define PACKAGE "ovnis"
| #define VERSION "0.1"
| #define STDC_HEADERS 1
| #define HAVE_STRING 1
| #define HAVE_IOSTREAM 1
| #define HAVE_POW 1
| #define HAVE_SOCKET 1
| #define HAVE_SQRT 1
| #define HAVE_LIMITS_H 1
| /* end confdefs.h.  */
| #include <stdio.h>
| #ifdef HAVE_SYS_TYPES_H
| # include <sys/types.h>
| #endif
| #ifdef HAVE_SYS_STAT_H
| # include <sys/stat.h>
| #endif
| #ifdef STDC_HEADERS
| # include <stdlib.h>
| # include <stddef.h>
| #else
| # ifdef HAVE_STDLIB_H
| #  include <stdlib.h>
| # endif
| #endif
| #ifdef HAVE_STRING_H
| # if !defined STDC_HEADERS && defined HAVE_MEMORY_H
| #  include <memory.h>
| # endif
| # include <string.h>
| #endif
| #ifdef HAVE_STRINGS_H
| # include <strings.h>
| #endif
| #ifdef HAVE_INTTYPES_H
| # include <inttypes.h>
| #endif
| #ifdef HAVE_STDINT_H
| # include <stdint.h>
| #endif
| #ifdef HAVE_UNISTD_H
| # include <unistd.h>
| #endif
| #include <vfork.h>
configure:15967: result: no
configure:15967: checking vfork.h presence
configure:15967: g++ -E  conftest.cpp
conftest.cpp:30: fatal error: vfork.h: No such file or directory
compilation terminated.
configure:15967: $? = 1
configure: failed program was:
| /* confdefs.h */
| #define PACKAGE_NAME "ovnis"
| #define PACKAGE_TARNAME "ovnis"
| #define PACKAGE_VERSION "0.1"
| #define PACKAGE_STRING "ovnis 0.1"
| #define PACKAGE_BUGREPORT "yoann@pigne.org"
| #define PACKAGE_URL ""
| #define STDC_HEADERS 1
| #define HAVE_SYS_TYPES_H 1
| #define HAVE_SYS_STAT_H 1
| #define HAVE_STDLIB_H 1
| #define HAVE_STRING_H 1
| #define HAVE_MEMORY_H 1
| #define HAVE_STRINGS_H 1
| #define HAVE_INTTYPES_H 1
| #define HAVE_STDINT_H 1
| #define HAVE_UNISTD_H 1
| #define HAVE_DLFCN_H 1
| #define LT_OBJDIR ".libs/"
| #define PACKAGE "ovnis"
| #define VERSION "0.1"
| #define STDC_HEADERS 1
| #define HAVE_STRING 1
| #define HAVE_IOSTREAM 1
| #define HAVE_POW 1
| #define HAVE_SOCKET 1
| #define HAVE_SQRT 1
| #define HAVE_LIMITS_H 1
| /* end confdefs.h.  */
| #include <vfork.h>
configure:15967: result: no
configure:15967: checking for vfork.h
configure:15967: result: no
configure:15980: checking for fork
configure:15980: g++ -o conftest -g -O2   conftest.cpp  >&5
configure:15980: $? = 0
configure:15980: result: yes
configure:15980: checking for vfork
configure:15980: g++ -o conftest -g -O2   conftest.cpp  >&5
configure:15980: $? = 0
configure:15980: result: yes
configure:15990: checking for working fork
configure:16012: g++ -o conftest -g -O2   conftest.cpp  >&5
configure:16012: $? = 0
configure:16012: ./conftest
configure:16012: $? = 0
configure:16022: result: yes
configure:16043: checking for working vfork
configure:16153: result: yes
configure:16180: checking for stdlib.h
configure:16180: result: yes
configure:16190: checking for GNU libc compatible malloc
configure:16214: g++ -o conftest -g -O2   conftest.cpp  >&5
configure:16214: $? = 0
configure:16214: ./conftest
configure:16214: $? = 0
configure:16224: result: yes
configure:16245: checking for stdbool.h that conforms to C99
configure:16312: g++ -c -g -O2  conftest.cpp >&5
configure:16312: $? = 0
configure:16319: result: yes
configure:16321: checking for _Bool
configure:16321: g++ -c -g -O2  conftest.cpp >&5
conftest.cpp: In function 'int main()':
conftest.cpp:72: error: '_Bool' was not declared in this scope
configure:16321: $? = 1
configure: failed program was:
| /* confdefs.h */
| #define PACKAGE_NAME "ovnis"
| #define PACKAGE_TARNAME "ovnis"
| #define PACKAGE_VERSION "0.1"
| #define PACKAGE_STRING "ovnis 0.1"
| #define PACKAGE_BUGREPORT "yoann@pigne.org"
| #define PACKAGE_URL ""
| #define STDC_HEADERS 1
| #define HAVE_SYS_TYPES_H 1
| #define HAVE_SYS_STAT_H 1
| #define HAVE_STDLIB_H 1
| #define HAVE_STRING_H 1
| #define HAVE_MEMORY_H 1
| #define HAVE_STRINGS_H 1
| #define HAVE_INTTYPES_H 1
| #define HAVE_STDINT_H 1
| #define HAVE_UNISTD_H 1
| #define HAVE_DLFCN_H 1
| #define LT_OBJDIR ".libs/"
| #define PACKAGE "ovnis"
| #define VERSION "0.1"
| #define STDC_HEADERS 1
| #define HAVE_STRING 1
| #define HAVE_IOSTREAM 1
| #define HAVE_POW 1
| #define HAVE_SOCKET 1
| #define HAVE_SQRT 1
| #define HAVE_LIMITS_H 1
| #define HAVE_FORK 1
| #define HAVE_VFORK 1
| #define HAVE_WORKING_VFORK 1
| #define HAVE_WORKING_FORK 1
| #define HAVE_STDLIB_H 1
| #define HAVE_MALLOC 1
| /* end confdefs.h.  */
| #include <stdio.h>
| #ifdef HAVE_SYS_TYPES_H
| # include <sys/types.h>
| #endif
| #ifdef HAVE_SYS_STAT_H
| # include <sys/stat.h>
| #endif
| #ifdef STDC_HEADERS
| # include <stdlib.h>
| # include <stddef.h>
| #else
| # ifdef HAVE_STDLIB_H
| #  include <stdlib.h>
| # endif
| #endif
| #ifdef HAVE_STRING_H
| # if !defined STDC_HEADERS && defined HAVE_MEMORY_H
| #  include <memory.h>
| # endif
| # include <string.h>
| #endif
| #ifdef HAVE_STRINGS_H
| # include <strings.h>
| #endif
| #ifdef HAVE_INTTYPES_H
| # include <inttypes.h>
| #endif
| #ifdef HAVE_STDINT_H
| # include <stdint.h>
| #endif
| #ifdef HAVE_UNISTD_H
| # include <unistd.h>
| #endif
| int
| main ()
| {
| if (sizeof (_Bool))
| 	 return 0;
|   ;
|   return 0;
| }
configure:16321: result: no
configure:16337: checking for int32_t
configure:16337: g++ -c -g -O2  conftest.cpp >&5
configure:16337: $? = 0
configure:16337: g++ -c -g -O2  conftest.cpp >&5
conftest.cpp: In function 'int main()':
conftest.cpp:75: warning: integer overflow in expression
conftest.cpp:75: error: size of array 'test_array' is negative
configure:16337: $? = 1
configure: failed program was:
| /* confdefs.h */
| #define PACKAGE_NAME "ovnis"
| #define PACKAGE_TARNAME "ovnis"
| #define PACKAGE_VERSION "0.1"
| #define PACKAGE_STRING "ovnis 0.1"
| #define PACKAGE_BUGREPORT "yoann@pigne.org"
| #define PACKAGE_URL ""
| #define STDC_HEADERS 1
| #define HAVE_SYS_TYPES_H 1
| #define HAVE_SYS_STAT_H 1
| #define HAVE_STDLIB_H 1
| #define HAVE_STRING_H 1
| #define HAVE_MEMORY_H 1
| #define HAVE_STRINGS_H 1
| #define HAVE_INTTYPES_H 1
| #define HAVE_STDINT_H 1
| #define HAVE_UNISTD_H 1
| #define HAVE_DLFCN_H 1
| #define LT_OBJDIR ".libs/"
| #define PACKAGE "ovnis"
| #define VERSION "0.1"
| #define STDC_HEADERS 1
| #define HAVE_STRING 1
| #define HAVE_IOSTREAM 1
| #define HAVE_POW 1
| #define HAVE_SOCKET 1
| #define HAVE_SQRT 1
| #define HAVE_LIMITS_H 1
| #define HAVE_FORK 1
| #define HAVE_VFORK 1
| #define HAVE_WORKING_VFORK 1
| #define HAVE_WORKING_FORK 1
| #define HAVE_STDLIB_H 1
| #define HAVE_MALLOC 1
| #define HAVE_STDBOOL_H 1
| /* end confdefs.h.  */
| #include <stdio.h>
| #ifdef HAVE_SYS_TYPES_H
| # include <sys/types.h>
| #endif
| #ifdef HAVE_SYS_STAT_H
| # include <sys/stat.h>
| #endif
| #ifdef STDC_HEADERS
| # include <stdlib.h>
| # include <stddef.h>
| #else
| # ifdef HAVE_STDLIB_H
| #  include <stdlib.h>
| # endif
| #endif
| #ifdef HAVE_STRING_H
| # if !defined STDC_HEADERS && defined HAVE_MEMORY_H
| #  include <memory.h>
| # endif
| # include <string.h>
| #endif
| #ifdef HAVE_STRINGS_H
| # include <strings.h>
| #endif
| #ifdef HAVE_INTTYPES_H
| # include <inttypes.h>
| #endif
| #ifdef HAVE_STDINT_H
| # include <stdint.h>
| #endif
| #ifdef HAVE_UNISTD_H
| # include <unistd.h>
| #endif
| 	        enum { N = 32 / 2 - 1 };
| int
| main ()
| {
| static int test_array [1 - 2 * !((int32_t) (((((int32_t) 1 << N) << N) - 1) * 2 + 1)
| 		 < (int32_t) (((((int32_t) 1 << N) << N) - 1) * 2 + 2))];
| test_array [0] = 0
| 
|   ;
|   return 0;
| }
configure:16337: result: yes
configure:16348: checking for uint16_t
configure:16348: g++ -c -g -O2  conftest.cpp >&5
configure:16348: $? = 0
configure:16348: result: yes
configure:16360: checking for uint32_t
configure:16360: g++ -c -g -O2  conftest.cpp >&5
configure:16360: $? = 0
configure:16360: result: yes
configure:16374: checking for uint64_t
configure:16374: g++ -c -g -O2  conftest.cpp >&5
configure:16374: $? = 0
configure:16374: result: yes
configure:16388: checking for uint8_t
configure:16388: g++ -c -g -O2  conftest.cpp >&5
configure:16388: $? = 0
configure:16388: result: yes
configure:16466: checking ns3/empty.h usability
configure:16466: g++ -c -g -O2 -I/home/agata/workspace/ns3/src -I/home/agata/workspace/ns3/build  conftest.cpp >&5
configure:16466: $? = 0
configure:16466: result: yes
configure:16466: checking ns3/empty.h presence
configure:16466: g++ -E -I/home/agata/workspace/ns3/src -I/home/agata/workspace/ns3/build  conftest.cpp
configure:16466: $? = 0
configure:16466: result: yes
configure:16466: checking for ns3/empty.h
configure:16466: result: yes
configure:16514: checking foreign/tcpip/storage.h usability
configure:16514: g++ -c -g -O2 -I/home/agata/src/sumo-0.15.0/src  conftest.cpp >&5
configure:16514: $? = 0
configure:16514: result: yes
configure:16514: checking foreign/tcpip/storage.h presence
configure:16514: g++ -E -I/home/agata/src/sumo-0.15.0/src  conftest.cpp
configure:16514: $? = 0
configure:16514: result: yes
configure:16514: checking for foreign/tcpip/storage.h
configure:16514: result: yes
configure:16525: checking for main in -ltcpip
configure:16544: g++ -o conftest -g -O2 -I/home/agata/src/sumo-0.15.0/src  -L/home/agata/src/sumo-0.15.0/src/foreign/tcpip  conftest.cpp -ltcpip  -ltcpip >&5
configure:16544: $? = 0
configure:16554: result: yes
configure:16603: checking xercesc/util/XercesVersion.hpp usability
configure:16603: g++ -c -g -O2 -I/usr/lib/include  conftest.cpp >&5
configure:16603: $? = 0
configure:16603: result: yes
configure:16603: checking xercesc/util/XercesVersion.hpp presence
configure:16603: g++ -E -I/usr/lib/include  conftest.cpp
configure:16603: $? = 0
configure:16603: result: yes
configure:16603: checking for xercesc/util/XercesVersion.hpp
configure:16603: result: yes
configure:16614: checking for main in -lxerces-c
configure:16633: g++ -o conftest -g -O2 -I/usr/lib/include  -L/usr/lib/lib  conftest.cpp -lxerces-c  -lxerces-c >&5
configure:16633: $? = 0
configure:16643: result: yes
configure:16814: creating ./config.status

## ---------------- ##
## Cache variables. ##
## ---------------- ##

ac_cv_build=x86_64-unknown-linux-gnu
ac_cv_c_compiler_gnu=yes
ac_cv_c_const=yes
ac_cv_c_int32_t=yes
ac_cv_c_uint16_t=yes
ac_cv_c_uint32_t=yes
ac_cv_c_uint64_t=yes
ac_cv_c_uint8_t=yes
ac_cv_cxx_compiler_gnu=yes
ac_cv_env_CCC_set=
ac_cv_env_CCC_value=
ac_cv_env_CC_set=
ac_cv_env_CC_value=
ac_cv_env_CFLAGS_set=
ac_cv_env_CFLAGS_value=
ac_cv_env_CPPFLAGS_set=
ac_cv_env_CPPFLAGS_value=
ac_cv_env_CPP_set=
ac_cv_env_CPP_value=
ac_cv_env_CXXCPP_set=
ac_cv_env_CXXCPP_value=
ac_cv_env_CXXFLAGS_set=
ac_cv_env_CXXFLAGS_value=
ac_cv_env_CXX_set=
ac_cv_env_CXX_value=
ac_cv_env_LDFLAGS_set=
ac_cv_env_LDFLAGS_value=
ac_cv_env_LIBS_set=
ac_cv_env_LIBS_value=
ac_cv_env_build_alias_set=
ac_cv_env_build_alias_value=
ac_cv_env_host_alias_set=
ac_cv_env_host_alias_value=
ac_cv_env_target_alias_set=
ac_cv_env_target_alias_value=
ac_cv_func_fork=yes
ac_cv_func_fork_works=yes
ac_cv_func_malloc_0_nonnull=yes
ac_cv_func_pow=yes
ac_cv_func_socket=yes
ac_cv_func_sqrt=yes
ac_cv_func_vfork=yes
ac_cv_func_vfork_works=yes
ac_cv_header_dlfcn_h=yes
ac_cv_header_foreign_tcpip_storage_h=yes
ac_cv_header_inttypes_h=yes
ac_cv_header_iostream=yes
ac_cv_header_limits_h=yes
ac_cv_header_memory_h=yes
ac_cv_header_ns3_empty_h=yes
ac_cv_header_stdbool_h=yes
ac_cv_header_stdc=yes
ac_cv_header_stdint_h=yes
ac_cv_header_stdlib_h=yes
ac_cv_header_string=yes
ac_cv_header_string_h=yes
ac_cv_header_strings_h=yes
ac_cv_header_sys_stat_h=yes
ac_cv_header_sys_types_h=yes
ac_cv_header_unistd_h=yes
ac_cv_header_vfork_h=no
ac_cv_header_xercesc_util_XercesVersion_hpp=yes
ac_cv_host=x86_64-unknown-linux-gnu
ac_cv_lib_tcpip___main=yes
ac_cv_lib_xerces_c___main=yes
ac_cv_objext=o
ac_cv_path_EGREP='/bin/grep -E'
ac_cv_path_FGREP='/bin/grep -F'
ac_cv_path_GREP=/bin/grep
ac_cv_path_SED=/bin/sed
ac_cv_path_install='/usr/bin/install -c'
ac_cv_path_mkdir=/bin/mkdir
ac_cv_prog_AWK=mawk
ac_cv_prog_CPP='gcc -E'
ac_cv_prog_CXXCPP='g++ -E'
ac_cv_prog_ac_ct_AR=ar
ac_cv_prog_ac_ct_CC=gcc
ac_cv_prog_ac_ct_CXX=g++
ac_cv_prog_ac_ct_MANIFEST_TOOL=mt
ac_cv_prog_ac_ct_OBJDUMP=objdump
ac_cv_prog_ac_ct_RANLIB=ranlib
ac_cv_prog_ac_ct_STRIP=strip
ac_cv_prog_cc_c89=
ac_cv_prog_cc_g=yes
ac_cv_prog_cxx_g=yes
ac_cv_prog_make_make_set=yes
ac_cv_type__Bool=no
ac_cv_type_pid_t=yes
ac_cv_type_size_t=yes
am_cv_CC_dependencies_compiler_type=gcc3
am_cv_CXX_dependencies_compiler_type=gcc3
lt_cv_ar_at_file=@
lt_cv_archive_cmds_need_lc=no
lt_cv_deplibs_check_method=pass_all
lt_cv_file_magic_cmd='$MAGIC_CMD'
lt_cv_file_magic_test_file=
lt_cv_ld_reload_flag=-r
lt_cv_nm_interface='BSD nm'
lt_cv_objdir=.libs
lt_cv_path_LD=/usr/bin/ld
lt_cv_path_LDCXX='/usr/bin/ld -m elf_x86_64'
lt_cv_path_NM='/usr/bin/nm -B'
lt_cv_path_mainfest_tool=no
lt_cv_prog_compiler_c_o=yes
lt_cv_prog_compiler_c_o_CXX=yes
lt_cv_prog_compiler_pic='-fPIC -DPIC'
lt_cv_prog_compiler_pic_CXX='-fPIC -DPIC'
lt_cv_prog_compiler_pic_works=yes
lt_cv_prog_compiler_pic_works_CXX=yes
lt_cv_prog_compiler_rtti_exceptions=no
lt_cv_prog_compiler_static_works=yes
lt_cv_prog_compiler_static_works_CXX=yes
lt_cv_prog_gnu_ld=yes
lt_cv_prog_gnu_ldcxx=yes
lt_cv_sharedlib_from_linklib_cmd='printf %s\n'
lt_cv_shlibpath_overrides_runpath=no
lt_cv_sys_global_symbol_pipe='sed -n -e '\''s/^.*[	 ]\([ABCDGIRSTW][ABCDGIRSTW]*\)[	 ][	 ]*\([_A-Za-z][_A-Za-z0-9]*\)$/\1 \2 \2/p'\'' | sed '\''/ __gnu_lto/d'\'''
lt_cv_sys_global_symbol_to_c_name_address='sed -n -e '\''s/^: \([^ ]*\)[ ]*$/  {\"\1\", (void *) 0},/p'\'' -e '\''s/^[ABCDGIRSTW]* \([^ ]*\) \([^ ]*\)$/  {"\2", (void *) \&\2},/p'\'''
lt_cv_sys_global_symbol_to_c_name_address_lib_prefix='sed -n -e '\''s/^: \([^ ]*\)[ ]*$/  {\"\1\", (void *) 0},/p'\'' -e '\''s/^[ABCDGIRSTW]* \([^ ]*\) \(lib[^ ]*\)$/  {"\2", (void *) \&\2},/p'\'' -e '\''s/^[ABCDGIRSTW]* \([^ ]*\) \([^ ]*\)$/  {"lib\2", (void *) \&\2},/p'\'''
lt_cv_sys_global_symbol_to_cdecl='sed -n -e '\''s/^T .* \(.*\)$/extern int \1();/p'\'' -e '\''s/^[ABCDGIRSTW]* .* \(.*\)$/extern char \1;/p'\'''
lt_cv_sys_max_cmd_len=3458764513820540925
lt_cv_to_host_file_cmd=func_convert_file_noop
lt_cv_to_tool_file_cmd=func_convert_file_noop

## ----------------- ##
## Output variables. ##
## ----------------- ##

ACLOCAL='${SHELL} /home/agata/host/ovnis/missing --run aclocal-1.11'
AMDEPBACKSLASH='\'
AMDEP_FALSE='#'
AMDEP_TRUE=''
AMTAR='${SHELL} /home/agata/host/ovnis/missing --run tar'
AM_CPPFLAGS='-I/usr/lib/include  -I/home/agata/src/sumo-0.15.0/src  -I/home/agata/workspace/ns3/src -I/home/agata/workspace/ns3/build  '
AM_LDFLAGS='-L/usr/lib/lib  -L/home/agata/src/sumo-0.15.0/src/foreign/tcpip  -L/home/agata/workspace/ns3/build  '
AM_LIBS='-lxerces-c -ltcpip -lns3.14.1-antenna-debug            -lns3.14.1-flow-monitor-debug           -lns3.14.1-propagation-debug -lns3.14.1-antenna-test-debug       -lns3.14.1-flow-monitor-test-debug      -lns3.14.1-propagation-test-debug -lns3.14.1-aodv-debug               -lns3.14.1-internet-debug               -lns3.14.1-spectrum-debug -lns3.14.1-aodv-test-debug          -lns3.14.1-internet-test-debug          -lns3.14.1-spectrum-test-debug -lns3.14.1-applications-debug       -lns3.14.1-lte-debug                    -lns3.14.1-stats-debug -lns3.14.1-applications-test-debug  -lns3.14.1-lte-test-debug               -lns3.14.1-stats-test-debug -lns3.14.1-bridge-debug             -lns3.14.1-mesh-debug                   -lns3.14.1-tap-bridge-debug -lns3.14.1-buildings-debug          -lns3.14.1-mesh-test-debug              -lns3.14.1-test-debug -lns3.14.1-buildings-test-debug     -lns3.14.1-mobility-debug               -lns3.14.1-test-test-debug -lns3.14.1-config-store-debug       -lns3.14.1-mobility-test-debug          -lns3.14.1-tools-debug -lns3.14.1-core-debug               -lns3.14.1-mpi-debug                    -lns3.14.1-tools-test-debug -lns3.14.1-core-test-debug          -lns3.14.1-netanim-debug                -lns3.14.1-topology-read-debug -lns3.14.1-csma-debug               -lns3.14.1-netanim-test-debug           -lns3.14.1-topology-read-test-debug -lns3.14.1-csma-layout-debug        -lns3.14.1-network-debug                -lns3.14.1-uan-debug -lns3.14.1-dsdv-debug               -lns3.14.1-network-test-debug           -lns3.14.1-uan-test-debug -lns3.14.1-dsdv-test-debug          -lns3.14.1-nix-vector-routing-debug     -lns3.14.1-virtual-net-device-debug -lns3.14.1-dsr-debug                -lns3.14.1-olsr-debug                   -lns3.14.1-wifi-debug -lns3.14.1-dsr-test-debug           -lns3.14.1-olsr-test-debug              -lns3.14.1-wifi-test-debug -lns3.14.1-emu-debug                -lns3.14.1-point-to-point-debug         -lns3.14.1-wimax-debug -lns3.14.1-energy-debug             -lns3.14.1-point-to-point-layout-debug  -lns3.14.1-wimax-test-debug -lns3.14.1-energy-test-debug        -lns3.14.1-point-to-point-test-debug  '
AR='ar'
AUTOCONF='${SHELL} /home/agata/host/ovnis/missing --run autoconf'
AUTOHEADER='${SHELL} /home/agata/host/ovnis/missing --run autoheader'
AUTOMAKE='${SHELL} /home/agata/host/ovnis/missing --run automake-1.11'
AWK='mawk'
CC='gcc'
CCDEPMODE='depmode=gcc3'
CFLAGS='-g -O2'
CPP='gcc -E'
CPPFLAGS='-I/usr/lib/include '
CXX='g++'
CXXCPP='g++ -E'
CXXDEPMODE='depmode=gcc3'
CXXFLAGS='-g -O2'
CYGPATH_W='echo'
DEFS='-DHAVE_CONFIG_H'
DEPDIR='.deps'
DLLTOOL='false'
DSYMUTIL=''
DUMPBIN=''
ECHO_C=''
ECHO_N='-n'
ECHO_T=''
EGREP='/bin/grep -E'
EXEEXT=''
FGREP='/bin/grep -F'
GREP='/bin/grep'
INSTALL_DATA='${INSTALL} -m 644'
INSTALL_PROGRAM='${INSTALL}'
INSTALL_SCRIPT='${INSTALL}'
INSTALL_STRIP_PROGRAM='$(install_sh) -c -s'
LD='/usr/bin/ld -m elf_x86_64'
LDFLAGS='-L/usr/lib/lib '
LIBOBJS=''
LIBS='-lxerces-c -ltcpip -lns3.14.1-antenna-debug            -lns3.14.1-flow-monitor-debug           -lns3.14.1-propagation-debug -lns3.14.1-antenna-test-debug       -lns3.14.1-flow-monitor-test-debug      -lns3.14.1-propagation-test-debug -lns3.14.1-aodv-debug               -lns3.14.1-internet-debug               -lns3.14.1-spectrum-debug -lns3.14.1-aodv-test-debug          -lns3.14.1-internet-test-debug          -lns3.14.1-spectrum-test-debug -lns3.14.1-applications-debug       -lns3.14.1-lte-debug                    -lns3.14.1-stats-debug -lns3.14.1-applications-test-debug  -lns3.14.1-lte-test-debug               -lns3.14.1-stats-test-debug -lns3.14.1-bridge-debug             -lns3.14.1-mesh-debug                   -lns3.14.1-tap-bridge-debug -lns3.14.1-buildings-debug          -lns3.14.1-mesh-test-debug              -lns3.14.1-test-debug -lns3.14.1-buildings-test-debug     -lns3.14.1-mobility-debug               -lns3.14.1-test-test-debug -lns3.14.1-config-store-debug       -lns3.14.1-mobility-test-debug          -lns3.14.1-tools-debug -lns3.14.1-core-debug               -lns3.14.1-mpi-debug                    -lns3.14.1-tools-test-debug -lns3.14.1-core-test-debug          -lns3.14.1-netanim-debug                -lns3.14.1-topology-read-debug -lns3.14.1-csma-debug               -lns3.14.1-netanim-test-debug           -lns3.14.1-topology-read-test-debug -lns3.14.1-csma-layout-debug        -lns3.14.1-network-debug                -lns3.14.1-uan-debug -lns3.14.1-dsdv-debug               -lns3.14.1-network-test-debug           -lns3.14.1-uan-test-debug -lns3.14.1-dsdv-test-debug          -lns3.14.1-nix-vector-routing-debug     -lns3.14.1-virtual-net-device-debug -lns3.14.1-dsr-debug                -lns3.14.1-olsr-debug                   -lns3.14.1-wifi-debug -lns3.14.1-dsr-test-debug           -lns3.14.1-olsr-test-debug              -lns3.14.1-wifi-test-debug -lns3.14.1-emu-debug                -lns3.14.1-point-to-point-debug         -lns3.14.1-wimax-debug -lns3.14.1-energy-debug             -lns3.14.1-point-to-point-layout-debug  -lns3.14.1-wimax-test-debug -lns3.14.1-energy-test-debug        -lns3.14.1-point-to-point-test-debug  '
LIBTOOL='$(SHELL) $(top_builddir)/libtool'
LIPO=''
LN_S='ln -s'
LTLIBOBJS=''
MAKEINFO='${SHELL} /home/agata/host/ovnis/missing --run makeinfo'
MANIFEST_TOOL=':'
MKDIR_P='/bin/mkdir -p'
NM='/usr/bin/nm -B'
NMEDIT=''
OBJDUMP='objdump'
OBJEXT='o'
OTOOL64=''
OTOOL=''
PACKAGE='ovnis'
PACKAGE_BUGREPORT='yoann@pigne.org'
PACKAGE_NAME='ovnis'
PACKAGE_STRING='ovnis 0.1'
PACKAGE_TARNAME='ovnis'
PACKAGE_URL=''
PACKAGE_VERSION='0.1'
PATH_SEPARATOR=':'
RANLIB='ranlib'
SED='/bin/sed'
SET_MAKE=''
SHELL='/bin/bash'
STRIP='strip'
VERSION='0.1'
ac_ct_AR='ar'
ac_ct_CC='gcc'
ac_ct_CXX='g++'
ac_ct_DUMPBIN=''
am__EXEEXT_FALSE=''
am__EXEEXT_TRUE='#'
am__fastdepCC_FALSE='#'
am__fastdepCC_TRUE=''
am__fastdepCXX_FALSE='#'
am__fastdepCXX_TRUE=''
am__include='include'
am__isrc=''
am__leading_dot='.'
am__quote=''
am__tar='${AMTAR} chof - "$$tardir"'
am__untar='${AMTAR} xf -'
bindir='${exec_prefix}/bin'
build='x86_64-unknown-linux-gnu'
build_alias=''
build_cpu='x86_64'
build_os='linux-gnu'
build_vendor='unknown'
datadir='${datarootdir}'
datarootdir='${prefix}/share'
docdir='${datarootdir}/doc/${PACKAGE_TARNAME}'
dvidir='${docdir}'
exec_prefix='${prefix}'
host='x86_64-unknown-linux-gnu'
host_alias=''
host_cpu='x86_64'
host_os='linux-gnu'
host_vendor='unknown'
htmldir='${docdir}'
includedir='${prefix}/include'
infodir='${datarootdir}/info'
install_sh='${SHELL} /home/agata/host/ovnis/install-sh'
libdir='${exec_prefix}/lib'
libexecdir='${exec_prefix}/libexec'
localedir='${datarootdir}/locale'
localstatedir='${prefix}/var'
mandir='${datarootdir}/man'
mkdir_p='/bin/mkdir -p'
oldincludedir='/usr/include'
pdfdir='${docdir}'
prefix='/usr/local'
program_transform_name='s,x,x,'
psdir='${docdir}'
sbindir='${exec_prefix}/sbin'
sharedstatedir='${prefix}/com'
sysconfdir='${prefix}/etc'
target_alias=''

## ----------- ##
## confdefs.h. ##
## ----------- ##

/* confdefs.h */
#define PACKAGE_NAME "ovnis"
#define PACKAGE_TARNAME "ovnis"
#define PACKAGE_VERSION "0.1"
#define PACKAGE_STRING "ovnis 0.1"
#define PACKAGE_BUGREPORT "yoann@pigne.org"
#define PACKAGE_URL ""
#define STDC_HEADERS 1
#define HAVE_SYS_TYPES_H 1
#define HAVE_SYS_STAT_H 1
#define HAVE_STDLIB_H 1
#define HAVE_STRING_H 1
#define HAVE_MEMORY_H 1
#define HAVE_STRINGS_H 1
#define HAVE_INTTYPES_H 1
#define HAVE_STDINT_H 1
#define HAVE_UNISTD_H 1
#define HAVE_DLFCN_H 1
#define LT_OBJDIR ".libs/"
#define PACKAGE "ovnis"
#define VERSION "0.1"
#define STDC_HEADERS 1
#define HAVE_STRING 1
#define HAVE_IOSTREAM 1
#define HAVE_POW 1
#define HAVE_SOCKET 1
#define HAVE_SQRT 1
#define HAVE_LIMITS_H 1
#define HAVE_FORK 1
#define HAVE_VFORK 1
#define HAVE_WORKING_VFORK 1
#define HAVE_WORKING_FORK 1
#define HAVE_STDLIB_H 1
#define HAVE_MALLOC 1
#define HAVE_STDBOOL_H 1

configure: exit 0

## ---------------------- ##
## Running config.status. ##
## ---------------------- ##

This file was extended by ovnis config.status 0.1, which was
generated by GNU Autoconf 2.68.  Invocation command line was

  CONFIG_FILES    = 
  CONFIG_HEADERS  = 
  CONFIG_LINKS    = 
  CONFIG_COMMANDS = 
  $ ./config.status 

on agata-VirtualBox

config.status:1199: creating Makefile
config.status:1199: creating src/Makefile
config.status:1199: creating test/Makefile
config.status:1199: creating tests/Makefile
config.status:1199: creating src/config.h
config.status:1380: src/config.h is unchanged
config.status:1428: executing libtool commands
config.status:1428: executing depfiles commands

## ---------------------- ##
## Running config.status. ##
## ---------------------- ##

This file was extended by ovnis config.status 0.1, which was
generated by GNU Autoconf 2.68.  Invocation command line was

  CONFIG_FILES    = 
  CONFIG_HEADERS  = 
  CONFIG_LINKS    = 
  CONFIG_COMMANDS = 
  $ ./config.status src/config.h

on agata-VirtualBox

config.status:1199: creating src/config.h
config.status:1380: src/config.h is unchanged

## ---------------------- ##
## Running config.status. ##
## ---------------------- ##

This file was extended by ovnis config.status 0.1, which was
generated by GNU Autoconf 2.68.  Invocation command line was

  CONFIG_FILES    = 
  CONFIG_HEADERS  = 
  CONFIG_LINKS    = 
  CONFIG_COMMANDS = 
  $ ./config.status src/config.h

on agata-VirtualBox

config.status:1199: creating src/config.h
config.status:1380: src/config.h is unchanged
